easy-rbh sample_data/prot_seqs/REF_Nostoc_flagelliforme_CCNUN1.faa sample_data/prot_seqs/SUBJ_Nostoc_punctiforme_PCC_73102.faa sample_data/prot_seqs/All_Rbh.tsv sample_data/prot_seqs/tmp 

MMseqs Version:                        	14.7e284
Substitution matrix                    	aa:blosum62.out,nucl:nucleotide.out
Add backtrace                          	false
Alignment mode                         	3
Alignment mode                         	0
Allow wrapped scoring                  	false
E-value threshold                      	0.001
Seq. id. threshold                     	0
Min alignment length                   	0
Seq. id. mode                          	0
Alternative alignments                 	0
Coverage threshold                     	0
Coverage mode                          	0
Max sequence length                    	65535
Compositional bias                     	1
Compositional bias                     	1
Max reject                             	2147483647
Max accept                             	2147483647
Include identical seq. id.             	false
Preload mode                           	0
Pseudo count a                         	substitution:1.100,context:1.400
Pseudo count b                         	substitution:4.100,context:5.800
Score bias                             	0
Realign hits                           	false
Realign score bias                     	-0.2
Realign max seqs                       	2147483647
Correlation score weight               	0
Gap open cost                          	aa:11,nucl:5
Gap extension cost                     	aa:1,nucl:2
Zdrop                                  	40
Threads                                	8
Compressed                             	0
Verbosity                              	3
Seed substitution matrix               	aa:VTML80.out,nucl:nucleotide.out
Sensitivity                            	5.7
k-mer length                           	0
k-score                                	seq:2147483647,prof:2147483647
Alphabet size                          	aa:21,nucl:5
Max results per query                  	300
Split database                         	0
Split mode                             	2
Split memory limit                     	0
Diagonal scoring                       	true
Exact k-mer matching                   	0
Mask residues                          	1
Mask residues probability              	0.9
Mask lower case residues               	0
Minimum diagonal score                 	15
Selected taxa                          	
Spaced k-mers                          	1
Spaced k-mer pattern                   	
Local temporary path                   	
Rescore mode                           	0
Remove hits by seq. id. and coverage   	false
Sort results                           	0
Mask profile                           	1
Profile E-value threshold              	0.001
Global sequence weighting              	false
Allow deletions                        	false
Filter MSA                             	1
Use filter only at N seqs              	0
Maximum seq. id. threshold             	0.9
Minimum seq. id.                       	0.0
Minimum score per column               	-20
Minimum coverage                       	0
Select N most diverse seqs             	1000
Pseudo count mode                      	0
Gap pseudo count                       	10
Min codons in orf                      	30
Max codons in length                   	32734
Max orf gaps                           	2147483647
Contig start mode                      	2
Contig end mode                        	2
Orf start mode                         	1
Forward frames                         	1,2,3
Reverse frames                         	1,2,3
Translation table                      	1
Translate orf                          	0
Use all table starts                   	false
Offset of numeric ids                  	0
Create lookup                          	0
Add orf stop                           	false
Overlap between sequences              	0
Sequence split mode                    	1
Header split mode                      	0
Chain overlapping alignments           	0
Merge query                            	1
Search type                            	0
Search iterations                      	1
Start sensitivity                      	4
Search steps                           	1
Exhaustive search mode                 	false
Filter results during exhaustive search	0
Strand selection                       	1
LCA search mode                        	false
Disk space limit                       	0
MPI runner                             	
Force restart with latest tmp          	false
Remove temporary files                 	true
Alignment format                       	0
Format alignment output                	query,target,fident,alnlen,mismatch,gapopen,qstart,qend,tstart,tend,evalue,bits
Database output                        	false
Overlap threshold                      	0
Database type                          	0
Shuffle input database                 	true
Createdb mode                          	1
Write lookup file                      	0
Greedy best hits                       	false

createdb sample_data/prot_seqs/REF_Nostoc_flagelliforme_CCNUN1.faa sample_data/prot_seqs/tmp/4746813826690999638/query --dbtype 0 --shuffle 1 --createdb-mode 1 --write-lookup 0 --id-offset 0 --compressed 0 -v 3 

Shuffle database cannot be combined with --createdb-mode 0
We recompute with --shuffle 0
Converting sequences
[Multiline fasta can not be combined with --createdb-mode 0
We recompute with --createdb-mode 1
Time for merging to query_h: 0h 0m 0s 0ms
Time for merging to query: 0h 0m 0s 0ms
[
Time for merging to query_h: 0h 0m 0s 0ms
Time for merging to query: 0h 0m 0s 0ms
Database type: Aminoacid
Time for processing: 0h 0m 0s 15ms
createdb sample_data/prot_seqs/SUBJ_Nostoc_punctiforme_PCC_73102.faa sample_data/prot_seqs/tmp/4746813826690999638/target --dbtype 0 --shuffle 1 --createdb-mode 0 --write-lookup 0 --id-offset 0 --compressed 0 -v 3 

Converting sequences
[
Time for merging to target_h: 0h 0m 0s 2ms
Time for merging to target: 0h 0m 0s 4ms
Database type: Aminoacid
Time for processing: 0h 0m 0s 62ms
Create directory sample_data/prot_seqs/tmp/4746813826690999638/rbh_tmp
rbh sample_data/prot_seqs/tmp/4746813826690999638/query sample_data/prot_seqs/tmp/4746813826690999638/target sample_data/prot_seqs/tmp/4746813826690999638/result sample_data/prot_seqs/tmp/4746813826690999638/rbh_tmp --alignment-mode 3 -s 5.7 --remove-tmp-files 1 

Create directory sample_data/prot_seqs/tmp/4746813826690999638/rbh_tmp/1779955200314329703/tempAB
search sample_data/prot_seqs/tmp/4746813826690999638/query sample_data/prot_seqs/tmp/4746813826690999638/target sample_data/prot_seqs/tmp/4746813826690999638/rbh_tmp/1779955200314329703/resAB sample_data/prot_seqs/tmp/4746813826690999638/rbh_tmp/1779955200314329703/tempAB --sub-mat 'aa:blosum62.out,nucl:nucleotide.out' -a 0 --alignment-mode 3 --alignment-output-mode 0 --wrapped-scoring 0 -e 0.001 --min-seq-id 0 --min-aln-len 0 --seq-id-mode 0 --alt-ali 0 -c 0 --cov-mode 0 --max-seq-len 65535 --comp-bias-corr 0 --comp-bias-corr-scale 1 --max-rejected 2147483647 --max-accept 2147483647 --add-self-matches 0 --db-load-mode 0 --pca substitution:1.100,context:1.400 --pcb substitution:4.100,context:5.800 --score-bias 0 --realign 0 --realign-score-bias -0.2 --realign-max-seqs 2147483647 --corr-score-weight 0 --gap-open aa:11,nucl:5 --gap-extend aa:1,nucl:2 --zdrop 40 --threads 8 --compressed 0 -v 3 --seed-sub-mat 'aa:VTML80.out,nucl:nucleotide.out' -s 5.7 -k 0 --k-score seq:2147483647,prof:2147483647 --alph-size aa:21,nucl:5 --max-seqs 300 --split 0 --split-mode 2 --split-memory-limit 0 --diag-score 1 --exact-kmer-matching 0 --mask 0 --mask-prob 0.9 --mask-lower-case 0 --min-ungapped-score 15 --spaced-kmer-mode 1 --rescore-mode 0 --filter-hits 0 --sort-results 0 --mask-profile 1 --e-profile 0.001 --wg 0 --allow-deletion 0 --filter-msa 1 --filter-min-enable 0 --max-seq-id 0.9 --qid '0.0' --qsc -20 --cov 0 --diff 1000 --pseudo-cnt-mode 0 --gap-pc 10 --min-length 10 --max-length 32734 --max-gaps 2147483647 --contig-start-mode 2 --contig-end-mode 2 --orf-start-mode 1 --forward-frames 1,2,3 --reverse-frames 1,2,3 --translation-table 1 --translate 0 --use-all-table-starts 0 --id-offset 0 --create-lookup 0 --add-orf-stop 0 --sequence-overlap 0 --sequence-split-mode 1 --headers-split-mode 0 --chain-alignments 0 --merge-query 1 --search-type 0 --num-iterations 1 --start-sens 4 --sens-steps 1 --exhaustive-search 0 --exhaustive-search-filter 0 --strand 1 --lca-search 0 --disk-space-limit 0 --force-reuse 0 --remove-tmp-files 1 

prefilter sample_data/prot_seqs/tmp/4746813826690999638/query sample_data/prot_seqs/tmp/4746813826690999638/target sample_data/prot_seqs/tmp/4746813826690999638/rbh_tmp/1779955200314329703/tempAB/15297601595120351200/pref_0 --sub-mat 'aa:blosum62.out,nucl:nucleotide.out' --seed-sub-mat 'aa:VTML80.out,nucl:nucleotide.out' -k 0 --k-score seq:2147483647,prof:2147483647 --alph-size aa:21,nucl:5 --max-seq-len 65535 --max-seqs 300 --split 0 --split-mode 2 --split-memory-limit 0 -c 0 --cov-mode 0 --comp-bias-corr 0 --comp-bias-corr-scale 1 --diag-score 1 --exact-kmer-matching 0 --mask 0 --mask-prob 0.9 --mask-lower-case 0 --min-ungapped-score 15 --add-self-matches 0 --spaced-kmer-mode 1 --db-load-mode 0 --pca substitution:1.100,context:1.400 --pcb substitution:4.100,context:5.800 --threads 8 --compressed 0 -v 3 -s 5.7 

Query database size: 8443 type: Aminoacid
Estimated memory consumption: 996M
Target database size: 7191 type: Aminoacid
Index table k-mer threshold: 112 at k-mer size 6 
Index table: counting k-mers
[=================================================================] 7.19K 0s 42ms
Index table: Masked residues: 0
Index table: fill
[=================================================================] 7.19K 0s 109ms
Index statistics
Entries:          2253006
DB size:          501 MB
Avg k-mer size:   0.035203
Top 10 k-mers
    AGAENP	40
    FTKVGT	35
    YTGTPK	29
    VGGGLS	29
    TKVKGL	26
    TGGSYQ	26
    IHDKNI	23
    GPGGTL	23
    EKSLLV	23
    KGGGIS	22
Time for index table init: 0h 0m 0s 573ms
Process prefiltering step 1 of 1

k-mer similarity threshold: 112
Starting prefiltering scores calculation (step 1 of 1)
Query db start 1 to 8443
Target db start 1 to 7191
[=================================================================] 8.44K 6s 794ms

315.357801 k-mers per position
3585 DB matches per sequence
0 overflows
0 queries produce too many hits (truncated result)
33 sequences passed prefiltering per query sequence
24 median result list length
5 sequences with 0 size result lists
Time for merging to pref_0: 0h 0m 0s 4ms
Time for processing: 0h 0m 8s 377ms
align sample_data/prot_seqs/tmp/4746813826690999638/query sample_data/prot_seqs/tmp/4746813826690999638/target sample_data/prot_seqs/tmp/4746813826690999638/rbh_tmp/1779955200314329703/tempAB/15297601595120351200/pref_0 sample_data/prot_seqs/tmp/4746813826690999638/rbh_tmp/1779955200314329703/resAB --sub-mat 'aa:blosum62.out,nucl:nucleotide.out' -a 0 --alignment-mode 3 --alignment-output-mode 0 --wrapped-scoring 0 -e 0.001 --min-seq-id 0 --min-aln-len 0 --seq-id-mode 0 --alt-ali 0 -c 0 --cov-mode 0 --max-seq-len 65535 --comp-bias-corr 0 --comp-bias-corr-scale 1 --max-rejected 2147483647 --max-accept 2147483647 --add-self-matches 0 --db-load-mode 0 --pca substitution:1.100,context:1.400 --pcb substitution:4.100,context:5.800 --score-bias 0 --realign 0 --realign-score-bias -0.2 --realign-max-seqs 2147483647 --corr-score-weight 0 --gap-open aa:11,nucl:5 --gap-extend aa:1,nucl:2 --zdrop 40 --threads 8 --compressed 0 -v 3 

Compute score, coverage and sequence identity
Query database size: 8443 type: Aminoacid
Target database size: 7191 type: Aminoacid
Calculation of alignments
[=================================================================] 8.44K 15s 346ms
Time for merging to resAB: 0h 0m 0s 3ms
285041 alignments calculated
55211 sequence pairs passed the thresholds (0.193695 of overall calculated)
6.539263 hits per query sequence
Time for processing: 0h 0m 15s 363ms
rmdb sample_data/prot_seqs/tmp/4746813826690999638/rbh_tmp/1779955200314329703/tempAB/15297601595120351200/pref_0 -v 3 

Time for processing: 0h 0m 0s 0ms
rmdb sample_data/prot_seqs/tmp/4746813826690999638/rbh_tmp/1779955200314329703/tempAB/15297601595120351200/aln_0 -v 3 

Time for processing: 0h 0m 0s 0ms
rmdb sample_data/prot_seqs/tmp/4746813826690999638/rbh_tmp/1779955200314329703/tempAB/15297601595120351200/input_0 -v 3 

Time for processing: 0h 0m 0s 0ms
rmdb sample_data/prot_seqs/tmp/4746813826690999638/rbh_tmp/1779955200314329703/tempAB/15297601595120351200/aln_merge -v 3 

Time for processing: 0h 0m 0s 0ms
Create directory sample_data/prot_seqs/tmp/4746813826690999638/rbh_tmp/1779955200314329703/tempBA
search sample_data/prot_seqs/tmp/4746813826690999638/target sample_data/prot_seqs/tmp/4746813826690999638/query sample_data/prot_seqs/tmp/4746813826690999638/rbh_tmp/1779955200314329703/resBA sample_data/prot_seqs/tmp/4746813826690999638/rbh_tmp/1779955200314329703/tempBA --sub-mat 'aa:blosum62.out,nucl:nucleotide.out' -a 0 --alignment-mode 3 --alignment-output-mode 0 --wrapped-scoring 0 -e 0.001 --min-seq-id 0 --min-aln-len 0 --seq-id-mode 0 --alt-ali 0 -c 0 --cov-mode 0 --max-seq-len 65535 --comp-bias-corr 0 --comp-bias-corr-scale 1 --max-rejected 2147483647 --max-accept 2147483647 --add-self-matches 0 --db-load-mode 0 --pca substitution:1.100,context:1.400 --pcb substitution:4.100,context:5.800 --score-bias 0 --realign 0 --realign-score-bias -0.2 --realign-max-seqs 2147483647 --corr-score-weight 0 --gap-open aa:11,nucl:5 --gap-extend aa:1,nucl:2 --zdrop 40 --threads 8 --compressed 0 -v 3 --seed-sub-mat 'aa:VTML80.out,nucl:nucleotide.out' -s 5.7 -k 0 --k-score seq:2147483647,prof:2147483647 --alph-size aa:21,nucl:5 --max-seqs 300 --split 0 --split-mode 2 --split-memory-limit 0 --diag-score 1 --exact-kmer-matching 0 --mask 0 --mask-prob 0.9 --mask-lower-case 0 --min-ungapped-score 15 --spaced-kmer-mode 1 --rescore-mode 0 --filter-hits 0 --sort-results 0 --mask-profile 1 --e-profile 0.001 --wg 0 --allow-deletion 0 --filter-msa 1 --filter-min-enable 0 --max-seq-id 0.9 --qid '0.0' --qsc -20 --cov 0 --diff 1000 --pseudo-cnt-mode 0 --gap-pc 10 --min-length 10 --max-length 32734 --max-gaps 2147483647 --contig-start-mode 2 --contig-end-mode 2 --orf-start-mode 1 --forward-frames 1,2,3 --reverse-frames 1,2,3 --translation-table 1 --translate 0 --use-all-table-starts 0 --id-offset 0 --create-lookup 0 --add-orf-stop 0 --sequence-overlap 0 --sequence-split-mode 1 --headers-split-mode 0 --chain-alignments 0 --merge-query 1 --search-type 0 --num-iterations 1 --start-sens 4 --sens-steps 1 --exhaustive-search 0 --exhaustive-search-filter 0 --strand 1 --lca-search 0 --disk-space-limit 0 --force-reuse 0 --remove-tmp-files 1 

prefilter sample_data/prot_seqs/tmp/4746813826690999638/target sample_data/prot_seqs/tmp/4746813826690999638/query sample_data/prot_seqs/tmp/4746813826690999638/rbh_tmp/1779955200314329703/tempBA/15728230748538649840/pref_0 --sub-mat 'aa:blosum62.out,nucl:nucleotide.out' --seed-sub-mat 'aa:VTML80.out,nucl:nucleotide.out' -k 0 --k-score seq:2147483647,prof:2147483647 --alph-size aa:21,nucl:5 --max-seq-len 65535 --max-seqs 300 --split 0 --split-mode 2 --split-memory-limit 0 -c 0 --cov-mode 0 --comp-bias-corr 0 --comp-bias-corr-scale 1 --diag-score 1 --exact-kmer-matching 0 --mask 0 --mask-prob 0.9 --mask-lower-case 0 --min-ungapped-score 15 --add-self-matches 0 --spaced-kmer-mode 1 --db-load-mode 0 --pca substitution:1.100,context:1.400 --pcb substitution:4.100,context:5.800 --threads 8 --compressed 0 -v 3 -s 5.7 

Query database size: 7191 type: Aminoacid
Estimated memory consumption: 997M
Target database size: 8443 type: Aminoacid
Index table k-mer threshold: 112 at k-mer size 6 
Index table: counting k-mers
[=================================================================] 8.44K 0s 43ms
Index table: Masked residues: 0
Index table: fill
[=================================================================] 8.44K 0s 106ms
Index statistics
Entries:          2296010
DB size:          501 MB
Avg k-mer size:   0.035875
Top 10 k-mers
    NDLGGN	36
    RNKFVT	28
    RKSLLL	26
    IRKVLL	26
    SYIKVL	26
    TIKSYL	26
    SVYLNN	26
    VLLLNR	26
    NTYIKS	26
    TSTRSV	26
Time for index table init: 0h 0m 0s 588ms
Process prefiltering step 1 of 1

k-mer similarity threshold: 112
Starting prefiltering scores calculation (step 1 of 1)
Query db start 1 to 7191
Target db start 1 to 8443
[=================================================================] 7.19K 6s 875ms

315.026506 k-mers per position
4200 DB matches per sequence
0 overflows
0 queries produce too many hits (truncated result)
39 sequences passed prefiltering per query sequence
28 median result list length
4 sequences with 0 size result lists
Time for merging to pref_0: 0h 0m 0s 3ms
Time for processing: 0h 0m 8s 469ms
align sample_data/prot_seqs/tmp/4746813826690999638/target sample_data/prot_seqs/tmp/4746813826690999638/query sample_data/prot_seqs/tmp/4746813826690999638/rbh_tmp/1779955200314329703/tempBA/15728230748538649840/pref_0 sample_data/prot_seqs/tmp/4746813826690999638/rbh_tmp/1779955200314329703/resBA --sub-mat 'aa:blosum62.out,nucl:nucleotide.out' -a 0 --alignment-mode 3 --alignment-output-mode 0 --wrapped-scoring 0 -e 0.001 --min-seq-id 0 --min-aln-len 0 --seq-id-mode 0 --alt-ali 0 -c 0 --cov-mode 0 --max-seq-len 65535 --comp-bias-corr 0 --comp-bias-corr-scale 1 --max-rejected 2147483647 --max-accept 2147483647 --add-self-matches 0 --db-load-mode 0 --pca substitution:1.100,context:1.400 --pcb substitution:4.100,context:5.800 --score-bias 0 --realign 0 --realign-score-bias -0.2 --realign-max-seqs 2147483647 --corr-score-weight 0 --gap-open aa:11,nucl:5 --gap-extend aa:1,nucl:2 --zdrop 40 --threads 8 --compressed 0 -v 3 

Compute score, coverage and sequence identity
Query database size: 7191 type: Aminoacid
Target database size: 8443 type: Aminoacid
Calculation of alignments
[=================================================================] 7.19K 15s 119ms
Time for merging to resBA: 0h 0m 0s 2ms
285759 alignments calculated
55068 sequence pairs passed the thresholds (0.192708 of overall calculated)
7.657906 hits per query sequence
Time for processing: 0h 0m 15s 149ms
rmdb sample_data/prot_seqs/tmp/4746813826690999638/rbh_tmp/1779955200314329703/tempBA/15728230748538649840/pref_0 -v 3 

Time for processing: 0h 0m 0s 0ms
rmdb sample_data/prot_seqs/tmp/4746813826690999638/rbh_tmp/1779955200314329703/tempBA/15728230748538649840/aln_0 -v 3 

Time for processing: 0h 0m 0s 0ms
rmdb sample_data/prot_seqs/tmp/4746813826690999638/rbh_tmp/1779955200314329703/tempBA/15728230748538649840/input_0 -v 3 

Time for processing: 0h 0m 0s 0ms
rmdb sample_data/prot_seqs/tmp/4746813826690999638/rbh_tmp/1779955200314329703/tempBA/15728230748538649840/aln_merge -v 3 

Time for processing: 0h 0m 0s 0ms
filterdb sample_data/prot_seqs/tmp/4746813826690999638/rbh_tmp/1779955200314329703/resAB sample_data/prot_seqs/tmp/4746813826690999638/rbh_tmp/1779955200314329703/resAB_sorted --sort-entries 2 --filter-column 2 --threads 8 --compressed 0 -v 3 

Filtering by sorting entries
[=================================================================] 8.44K 0s 10ms
Time for merging to resAB_sorted: 0h 0m 0s 4ms
Time for processing: 0h 0m 0s 29ms
filterdb sample_data/prot_seqs/tmp/4746813826690999638/rbh_tmp/1779955200314329703/resAB_sorted sample_data/prot_seqs/tmp/4746813826690999638/rbh_tmp/1779955200314329703/resA_best_B --extract-lines 1 --threads 8 --compressed 0 -v 3 

Filtering by extracting the first 1 lines
[=================================================================] 8.44K 0s 6ms
Time for merging to resA_best_B: 0h 0m 0s 3ms
Time for processing: 0h 0m 0s 18ms
filterdb sample_data/prot_seqs/tmp/4746813826690999638/rbh_tmp/1779955200314329703/resBA sample_data/prot_seqs/tmp/4746813826690999638/rbh_tmp/1779955200314329703/resB_best_A --beats-first --filter-column 2 --comparison-operator e --threads 8 --compressed 0 -v 3 

Filtering by numerical comparison to first row
[=================================================================] 7.19K 0s 6ms
Time for merging to resB_best_A: 0h 0m 0s 3ms
Time for processing: 0h 0m 0s 18ms
swapresults sample_data/prot_seqs/tmp/4746813826690999638/target sample_data/prot_seqs/tmp/4746813826690999638/query sample_data/prot_seqs/tmp/4746813826690999638/rbh_tmp/1779955200314329703/resB_best_A sample_data/prot_seqs/tmp/4746813826690999638/rbh_tmp/1779955200314329703/resB_best_A_swap --threads 8 --compressed 0 -v 3 -e 100000000 

Computing offsets.
[=================================================================] 7.19K 0s 3ms

Reading results.
[=================================================================] 7.19K 0s 1ms

Output database: sample_data/prot_seqs/tmp/4746813826690999638/rbh_tmp/1779955200314329703/resB_best_A_swap
[=================================================================] 8.44K 0s 6ms

Time for merging to resB_best_A_swap: 0h 0m 0s 3ms
Time for processing: 0h 0m 0s 27ms
mergedbs sample_data/prot_seqs/tmp/4746813826690999638/rbh_tmp/1779955200314329703/resA_best_B sample_data/prot_seqs/tmp/4746813826690999638/rbh_tmp/1779955200314329703/res_best_merged sample_data/prot_seqs/tmp/4746813826690999638/rbh_tmp/1779955200314329703/resA_best_B sample_data/prot_seqs/tmp/4746813826690999638/rbh_tmp/1779955200314329703/resB_best_A_swap --compressed 0 -v 3 

Merging the results to sample_data/prot_seqs/tmp/4746813826690999638/rbh_tmp/1779955200314329703/res_best_merged
[=================================================================] 8.44K 0s 3ms
Time for merging to res_best_merged: 0h 0m 0s 1ms
Time for processing: 0h 0m 0s 7ms
filterdb sample_data/prot_seqs/tmp/4746813826690999638/rbh_tmp/1779955200314329703/res_best_merged sample_data/prot_seqs/tmp/4746813826690999638/rbh_tmp/1779955200314329703/res_best_merged_sorted --sort-entries 2 --filter-column 2 --threads 8 --compressed 0 -v 3 

Filtering by sorting entries
=============[====================================================] 8.44K 0s 8ms
Time for merging to res_best_merged_sorted: 0h 0m 0s 3ms
Time for processing: 0h 0m 0s 16ms
result2rbh sample_data/prot_seqs/tmp/4746813826690999638/rbh_tmp/1779955200314329703/res_best_merged_sorted sample_data/prot_seqs/tmp/4746813826690999638/result --threads 8 --compressed 0 -v 3 

[=================================================================] 8.44K 0s 2ms
Time for merging to result: 0h 0m 0s 4ms
Time for processing: 0h 0m 0s 27ms
rmdb sample_data/prot_seqs/tmp/4746813826690999638/rbh_tmp/1779955200314329703/resAB -v 3 

Time for processing: 0h 0m 0s 0ms
rmdb sample_data/prot_seqs/tmp/4746813826690999638/rbh_tmp/1779955200314329703/resBA -v 3 

Time for processing: 0h 0m 0s 1ms
rmdb sample_data/prot_seqs/tmp/4746813826690999638/rbh_tmp/1779955200314329703/resA_best_B -v 3 

Time for processing: 0h 0m 0s 0ms
rmdb sample_data/prot_seqs/tmp/4746813826690999638/rbh_tmp/1779955200314329703/resB_best_A -v 3 

Time for processing: 0h 0m 0s 0ms
rmdb sample_data/prot_seqs/tmp/4746813826690999638/rbh_tmp/1779955200314329703/res_best -v 3 

Time for processing: 0h 0m 0s 0ms
convertalis sample_data/prot_seqs/tmp/4746813826690999638/query sample_data/prot_seqs/tmp/4746813826690999638/target sample_data/prot_seqs/tmp/4746813826690999638/result sample_data/prot_seqs/All_Rbh.tsv --sub-mat 'aa:blosum62.out,nucl:nucleotide.out' --format-mode 0 --format-output query,target,fident,alnlen,mismatch,gapopen,qstart,qend,tstart,tend,evalue,bits --translation-table 1 --gap-open aa:11,nucl:5 --gap-extend aa:1,nucl:2 --db-output 0 --db-load-mode 0 --search-type 0 --threads 8 --compressed 0 -v 3 

[=================================================================] 8.44K 0s 9ms
Time for merging to All_Rbh.tsv: 0h 0m 0s 4ms
Time for processing: 0h 0m 0s 33ms
rmdb sample_data/prot_seqs/tmp/4746813826690999638/result -v 3 

Time for processing: 0h 0m 0s 0ms
rmdb sample_data/prot_seqs/tmp/4746813826690999638/target -v 3 

Time for processing: 0h 0m 0s 0ms
rmdb sample_data/prot_seqs/tmp/4746813826690999638/target_h -v 3 

Time for processing: 0h 0m 0s 0ms
rmdb sample_data/prot_seqs/tmp/4746813826690999638/query -v 3 

Time for processing: 0h 0m 0s 0ms
rmdb sample_data/prot_seqs/tmp/4746813826690999638/query_h -v 3 

Time for processing: 0h 0m 0s 0ms
